<?xml version="1.0" encoding="UTF-8"?>
<testsuite xmlns:xsi="http://www.w3.org/2001/XMLSchema-instance" xsi:noNamespaceSchemaLocation="https://maven.apache.org/surefire/maven-surefire-plugin/xsd/surefire-test-report.xsd" name="cse.LoopTest" time="159.16" tests="11" errors="0" skipped="0" failures="0">
  <properties>
[...]
</properties>
  <testcase name="bps2_4" classname="cse.LoopTest" time="32.721"/>
  <testcase name="bulge1" classname="cse.LoopTest" time="1.528"/>
  <testcase name="dinucl_steps" classname="cse.LoopTest" time="43.383"/>
  <testcase name="bp" classname="cse.LoopTest" time="66.398"/>
  <testcase name="bulge" classname="cse.LoopTest" time="1.487"/>
  <testcase name="ur15_spinka" classname="cse.LoopTest" time="0.858"/>
  <testcase name="bps3_4_10_20" classname="cse.LoopTest" time="2.708"/>
  <testcase name="ur4_L1_0" classname="cse.LoopTest" time="0.624"/>
  <testcase name="ur4_L1_1" classname="cse.LoopTest" time="3.809"/>
  <testcase name="ur4_L2_0" classname="cse.LoopTest" time="0.715"/>
  <testcase name="ur4_L2_1" classname="cse.LoopTest" time="4.792"/>
</testsuite>